<?xml version="1.0" encoding="UTF-8"?>
<testng-results ignored="7" total="8" passed="1" failed="0" skipped="0">
  <reporter-output>
  </reporter-output>
  <suite started-at="2023-01-22T12:15:49 IST" name="Default suite" finished-at="2023-01-22T12:17:18 IST" duration-ms="89515">
    <groups>
    </groups>
    <test started-at="2023-01-22T12:15:49 IST" name="Default test" finished-at="2023-01-22T12:17:18 IST" duration-ms="89515">
      <class name="Test.TestAllScenario">
        <test-method is-config="true" signature="browseon()[pri:0, instance:Test.TestAllScenario@4d154ccd]" started-at="2023-01-22T12:15:49 IST" name="browseon" finished-at="2023-01-22T12:15:56 IST" duration-ms="6980" status="PASS">
          <reporter-output>
          </reporter-output>
        </test-method> <!-- browseon -->
        <test-method signature="scenario19_20_21()[pri:0, instance:Test.TestAllScenario@4d154ccd]" started-at="2023-01-22T12:15:56 IST" name="scenario19_20_21" finished-at="2023-01-22T12:17:18 IST" duration-ms="82491" status="PASS">
          <reporter-output>
          </reporter-output>
        </test-method> <!-- scenario19_20_21 -->
      </class> <!-- Test.TestAllScenario -->
    </test> <!-- Default test -->
  </suite> <!-- Default suite -->
</testng-results>
