<?xml version="1.0" encoding="UTF-8"?>
<!-- Generated by org.testng.reporters.JUnitXMLReporter -->
<testsuite ignored="7" hostname="BATTAR-NB" failures="0" tests="1" name="Default test" time="89.515" errors="0" timestamp="2023-01-22T12:17:18 IST">
  <testcase classname="Test.TestAllScenario" name="scenario19_20_21" time="82.491"/>
  <testcase classname="Test.TestAllScenario" name="scenario3" time="0.0">
    <ignored/>
  </testcase> <!-- scenario3 -->
  <testcase classname="Test.TestAllScenario" name="scenario15and16and17and18" time="0.0">
    <ignored/>
  </testcase> <!-- scenario15and16and17and18 -->
  <testcase classname="Test.TestAllScenario" name="clickonapplication" time="0.0">
    <ignored/>
  </testcase> <!-- clickonapplication -->
  <testcase classname="Test.TestAllScenario" name="scenario6and7and8" time="0.0">
    <ignored/>
  </testcase> <!-- scenario6and7and8 -->
  <testcase classname="Test.TestAllScenario" name="scenario4and5" time="0.0">
    <ignored/>
  </testcase> <!-- scenario4and5 -->
  <testcase classname="Test.TestAllScenario" name="scenario12and13and14" time="0.0">
    <ignored/>
  </testcase> <!-- scenario12and13and14 -->
  <testcase classname="Test.TestAllScenario" name="scenario9and10and11" time="0.0">
    <ignored/>
  </testcase> <!-- scenario9and10and11 -->
</testsuite> <!-- Default test -->
